<?xml version="1.0" encoding="utf-8"?><testsuites name="pytest tests"><testsuite name="pytest" errors="0" failures="0" skipped="0" tests="12" time="41.736" timestamp="2026-03-05T20:07:42.925289+00:00" hostname="agent-env-4b9f9442-37d1-462c-a34f-286e86eb8c3a"><testcase classname="tests.test_admin_password_reset.TestAdminPasswordResetFlow" name="test_01_admin_login_success" time="4.762" /><testcase classname="tests.test_admin_password_reset.TestAdminPasswordResetFlow" name="test_02_admin_can_reset_user_password" time="5.757" /><testcase classname="tests.test_admin_password_reset.TestAdminPasswordResetFlow" name="test_03_user_login_with_temp_password_returns_must_change_flag" time="4.207" /><testcase classname="tests.test_admin_password_reset.TestAdminPasswordResetFlow" name="test_04_user_can_set_new_password" time="4.682" /><testcase classname="tests.test_admin_password_reset.TestAdminPasswordResetFlow" name="test_05_user_login_with_new_password_no_must_change_flag" time="4.700" /><testcase classname="tests.test_admin_password_reset.TestAdminPasswordResetFlow" name="test_06_set_new_password_fails_when_not_required" time="4.915" /><testcase classname="tests.test_admin_password_reset.TestAdminPasswordResetFlow" name="test_07_admin_cannot_reset_admin_password" time="7.706" /><testcase classname="tests.test_admin_password_reset.TestLoginFlow" name="test_login_with_valid_credentials" time="0.905" /><testcase classname="tests.test_admin_password_reset.TestLoginFlow" name="test_login_with_invalid_password" time="0.896" /><testcase classname="tests.test_admin_password_reset.TestLoginFlow" name="test_login_with_nonexistent_email" time="0.676" /><testcase classname="tests.test_admin_password_reset.TestAuthMeEndpoint" name="test_auth_me_returns_user_data" time="1.738" /><testcase classname="tests.test_admin_password_reset.TestAuthMeEndpoint" name="test_auth_me_unauthorized_without_token" time="0.728" /></testsuite></testsuites>