<?xml version="1.0" encoding="utf-8"?><testsuites name="pytest tests"><testsuite name="pytest" errors="0" failures="0" skipped="1" tests="18" time="41.285" timestamp="2026-03-08T01:46:30.837917+00:00" hostname="agent-env-a96816aa-8e5b-47f1-b96f-e22f2e5a8c00"><testcase classname="tests.test_gestor_pix_flow.TestGestorAuthentication" name="test_gestor_login_success" time="1.382" /><testcase classname="tests.test_gestor_pix_flow.TestGestorAuthentication" name="test_gestor_login_wrong_password" time="0.918" /><testcase classname="tests.test_gestor_pix_flow.TestGestorDashboard" name="test_gestor_dashboard_access" time="1.791" /><testcase classname="tests.test_gestor_pix_flow.TestGestorDashboard" name="test_gestor_beneficiaries_list" time="1.613" /><testcase classname="tests.test_gestor_pix_flow.TestGestorDashboard" name="test_gestor_transactions_list" time="1.633" /><testcase classname="tests.test_gestor_pix_flow.TestGestorPIXCreation" name="test_create_pix_payment_success" time="2.821" /><testcase classname="tests.test_gestor_pix_flow.TestGestorPIXCreation" name="test_create_pix_invalid_amount" time="1.635" /><testcase classname="tests.test_gestor_pix_flow.TestGestorPIXCreation" name="test_create_pix_negative_amount" time="0.335"><skipped type="pytest.skip" message="Could not authenticate gestor">/app/backend/tests/test_gestor_pix_flow.py:161: Could not authenticate gestor</skipped></testcase><testcase classname="tests.test_gestor_pix_flow.TestGestorPIXStatus" name="test_check_pix_status_pending" time="4.490" /><testcase classname="tests.test_gestor_pix_flow.TestGestorPIXStatus" name="test_check_pix_status_not_found" time="3.655" /><testcase classname="tests.test_gestor_pix_flow.TestGestorPIXSimulation" name="test_simulate_pix_payment_success" time="4.612" /><testcase classname="tests.test_gestor_pix_flow.TestGestorPIXSimulation" name="test_simulate_already_paid_fails" time="5.069" /><testcase classname="tests.test_gestor_pix_flow.TestGestorPIXHistory" name="test_get_pix_history" time="1.626" /><testcase classname="tests.test_gestor_pix_flow.TestGestorPIXCancel" name="test_cancel_pending_pix" time="3.674" /><testcase classname="tests.test_gestor_pix_flow.TestGestorPIXCancel" name="test_cancel_non_existent_pix" time="3.605" /><testcase classname="tests.test_gestor_pix_flow.TestGestorRoleRestriction" name="test_user_cannot_access_gestor_endpoints" time="0.686" /><testcase classname="tests.test_gestor_pix_flow.TestGestorRoleRestriction" name="test_admin_credentials_exist" time="0.952" /><testcase classname="tests.test_gestor_pix_flow.TestRateEndpoint" name="test_rate_endpoint" time="0.714" /></testsuite></testsuites>