<?xml version="1.0" encoding="utf-8"?><testsuites name="pytest tests"><testsuite name="pytest" errors="0" failures="0" skipped="0" tests="15" time="24.806" timestamp="2026-03-07T23:00:51.363068+00:00" hostname="agent-env-ad43bc12-9c15-419d-aa50-cc9b4195115f"><testcase classname="backend.tests.test_gestor_admin_panel.TestAdminEndpoints" name="test_01_admin_login" time="1.286" /><testcase classname="backend.tests.test_gestor_admin_panel.TestAdminEndpoints" name="test_02_admin_partners_endpoint" time="1.609" /><testcase classname="backend.tests.test_gestor_admin_panel.TestAdminEndpoints" name="test_03_admin_gestors_endpoint" time="1.621" /><testcase classname="backend.tests.test_gestor_admin_panel.TestAdminEndpoints" name="test_04_admin_users_endpoint" time="4.042" /><testcase classname="backend.tests.test_gestor_admin_panel.TestGestorEndpoints" name="test_05_gestor_login" time="0.908" /><testcase classname="backend.tests.test_gestor_admin_panel.TestGestorEndpoints" name="test_06_gestor_dashboard_returns_balance_terceros" time="1.584" /><testcase classname="backend.tests.test_gestor_admin_panel.TestGestorEndpoints" name="test_07_gestor_beneficiaries_endpoint" time="1.644" /><testcase classname="backend.tests.test_gestor_admin_panel.TestGestorEndpoints" name="test_08_gestor_create_beneficiary_pago_movil" time="1.619" /><testcase classname="backend.tests.test_gestor_admin_panel.TestGestorEndpoints" name="test_09_gestor_create_beneficiary_transferencia" time="1.601" /><testcase classname="backend.tests.test_gestor_admin_panel.TestGestorEndpoints" name="test_10_gestor_transactions_endpoint" time="1.848" /><testcase classname="backend.tests.test_gestor_admin_panel.TestGestorEndpoints" name="test_11_gestor_recharge_terceros_validation" time="2.340" /><testcase classname="backend.tests.test_gestor_admin_panel.TestUserRoles" name="test_12_auth_me_returns_role" time="1.603" /><testcase classname="backend.tests.test_gestor_admin_panel.TestUserRoles" name="test_13_gestor_endpoints_require_gestor_role" time="1.654" /><testcase classname="backend.tests.test_gestor_admin_panel.TestAPIIntegration" name="test_14_rate_endpoint" time="0.688" /><testcase classname="backend.tests.test_gestor_admin_panel.TestAPIIntegration" name="test_15_health_check" time="0.687" /></testsuite></testsuites>