<?xml version="1.0" encoding="utf-8"?><testsuites name="pytest tests"><testsuite name="pytest" errors="0" failures="0" skipped="0" tests="9" time="17.028" timestamp="2026-03-07T23:26:52.853506+00:00" hostname="agent-env-ad43bc12-9c15-419d-aa50-cc9b4195115f"><testcase classname="backend.tests.test_gestor_whatsapp_integration.TestGestorWhatsAppIntegration" name="test_existing_gestor_transactions_in_withdrawals" time="3.187" /><testcase classname="backend.tests.test_gestor_whatsapp_integration.TestGestorWhatsAppIntegration" name="test_gestor_transaction_has_is_gestor_flag" time="1.809" /><testcase classname="backend.tests.test_gestor_whatsapp_integration.TestGestorWhatsAppIntegration" name="test_gestor_transaction_has_payment_type" time="1.287" /><testcase classname="backend.tests.test_gestor_whatsapp_integration.TestGestorWhatsAppIntegration" name="test_gestor_transaction_has_client_name" time="0.951" /><testcase classname="backend.tests.test_gestor_whatsapp_integration.TestGestorWhatsAppIntegration" name="test_gestor_balance_terceros_after_transactions" time="1.598" /><testcase classname="backend.tests.test_gestor_whatsapp_integration.TestGestorWhatsAppIntegration" name="test_pending_withdrawals_show_gestor_transactions" time="1.442" /><testcase classname="backend.tests.test_gestor_whatsapp_integration.TestGestorWhatsAppIntegration" name="test_process_transaction_creates_withdrawal_in_queue" time="4.952" /><testcase classname="backend.tests.test_gestor_whatsapp_integration.TestGestorWhatsAppIntegration" name="test_whatsapp_message_format_for_gestor" time="0.001" /><testcase classname="backend.tests.test_gestor_whatsapp_integration.TestGestorWhatsAppIntegration" name="test_admin_withdrawals_all_returns_complete_data" time="1.733" /></testsuite></testsuites>