<?xml version="1.0" encoding="utf-8"?><testsuites name="pytest tests"><testsuite name="pytest" errors="0" failures="0" skipped="0" tests="8" time="3.064" timestamp="2026-03-03T07:10:47.923330+00:00" hostname="agent-env-442ec60b-8f2b-4d0a-9ace-26754508b197"><testcase classname="backend.tests.test_push_notifications.TestVAPIDPublicKey" name="test_get_vapid_public_key" time="0.335" /><testcase classname="backend.tests.test_push_notifications.TestServiceWorkerAccessibility" name="test_service_worker_accessible" time="0.112" /><testcase classname="backend.tests.test_push_notifications.TestPushEndpointsWithAuth" name="test_get_push_status" time="0.397" /><testcase classname="backend.tests.test_push_notifications.TestPushEndpointsWithAuth" name="test_push_status_without_auth" time="0.425" /><testcase classname="backend.tests.test_push_notifications.TestPushEndpointsWithAuth" name="test_subscribe_without_auth" time="0.448" /><testcase classname="backend.tests.test_push_notifications.TestPushEndpointsWithAuth" name="test_test_notification_endpoint_exists" time="0.472" /><testcase classname="backend.tests.test_push_notifications.TestPushSubscriptionFlow" name="test_subscribe_with_valid_data" time="0.419" /><testcase classname="backend.tests.test_push_notifications.TestPushSubscriptionFlow" name="test_unsubscribe" time="0.401" /></testsuite></testsuites>