<?xml version="1.0" encoding="utf-8"?><testsuites name="pytest tests"><testsuite name="pytest" errors="0" failures="0" skipped="0" tests="17" time="6.369" timestamp="2026-03-27T21:50:37.313035+00:00" hostname="agent-env-a96816aa-8e5b-47f1-b96f-e22f2e5a8c00"><testcase classname="backend.tests.test_stripe_usd_packages.TestRateEndpoint" name="test_rate_returns_usd_to_ris" time="0.496" /><testcase classname="backend.tests.test_stripe_usd_packages.TestRateEndpoint" name="test_rate_returns_ris_to_usd" time="0.267" /><testcase classname="backend.tests.test_stripe_usd_packages.TestRateEndpoint" name="test_rate_returns_ves_rates" time="0.057" /><testcase classname="backend.tests.test_stripe_usd_packages.TestRateEndpoint" name="test_rate_usd_ris_inverse_relationship" time="0.062" /><testcase classname="backend.tests.test_stripe_usd_packages.TestStripePackagesEndpoint" name="test_packages_endpoint_returns_200" time="0.081" /><testcase classname="backend.tests.test_stripe_usd_packages.TestStripePackagesEndpoint" name="test_packages_returns_usd_currency" time="0.100" /><testcase classname="backend.tests.test_stripe_usd_packages.TestStripePackagesEndpoint" name="test_packages_returns_current_rate" time="0.059" /><testcase classname="backend.tests.test_stripe_usd_packages.TestStripePackagesEndpoint" name="test_packages_has_four_options" time="0.073" /><testcase classname="backend.tests.test_stripe_usd_packages.TestStripePackagesEndpoint" name="test_packages_have_correct_bonuses" time="0.059" /><testcase classname="backend.tests.test_stripe_usd_packages.TestStripePackagesEndpoint" name="test_packages_ris_calculation_correct" time="0.075" /><testcase classname="backend.tests.test_stripe_usd_packages.TestStripePackagesEndpoint" name="test_packages_include_exchange_rate" time="0.075" /><testcase classname="backend.tests.test_stripe_usd_packages.TestAdminRateUpdate" name="test_admin_can_update_usd_to_ris" time="1.089" /><testcase classname="backend.tests.test_stripe_usd_packages.TestAdminRateUpdate" name="test_rate_update_affects_packages" time="1.637" /><testcase classname="backend.tests.test_stripe_usd_packages.TestAdminRateUpdate" name="test_unauthenticated_cannot_update_rate" time="0.062" /><testcase classname="backend.tests.test_stripe_usd_packages.TestStripeCheckoutEndpoint" name="test_checkout_requires_auth" time="0.058" /><testcase classname="backend.tests.test_stripe_usd_packages.TestStripeCheckoutEndpoint" name="test_checkout_invalid_package" time="0.690" /><testcase classname="backend.tests.test_stripe_usd_packages.TestStripeCheckoutEndpoint" name="test_checkout_creates_session" time="1.350" /></testsuite></testsuites>