<?xml version="1.0" encoding="utf-8"?><testsuites name="pytest tests"><testsuite name="pytest" errors="0" failures="0" skipped="0" tests="12" time="4.997" timestamp="2026-03-07T03:56:53.525093+00:00" hostname="agent-env-c9f1091a-6b59-480a-8cc0-3512cfbb1804"><testcase classname="backend.tests.test_whatsapp_image_accumulation.TestWhatsAppImageAccumulation" name="test_01_webhook_endpoint_exists" time="1.241" /><testcase classname="backend.tests.test_whatsapp_image_accumulation.TestWhatsAppImageAccumulation" name="test_02_create_pending_withdrawal_for_test" time="0.154" /><testcase classname="backend.tests.test_whatsapp_image_accumulation.TestWhatsAppImageAccumulation" name="test_03_listo_command_no_pending_images" time="1.353" /><testcase classname="backend.tests.test_whatsapp_image_accumulation.TestWhatsAppImageAccumulation" name="test_04_verify_push_each_logic_in_code" time="0.009" /><testcase classname="backend.tests.test_whatsapp_image_accumulation.TestWhatsAppImageAccumulation" name="test_05_process_command_moves_images_to_proof" time="0.178" /><testcase classname="backend.tests.test_whatsapp_image_accumulation.TestWhatsAppImageAccumulation" name="test_06_whatsapp_active_flag_query" time="0.018" /><testcase classname="backend.tests.test_whatsapp_image_accumulation.TestWhatsAppImageAccumulation" name="test_07_fallback_to_oldest_pending" time="0.225" /><testcase classname="backend.tests.test_whatsapp_image_accumulation.TestWhatsAppImageAccumulation" name="test_08_concurrent_image_additions" time="0.009" /><testcase classname="backend.tests.test_whatsapp_image_accumulation.TestWhatsAppImageAccumulation" name="test_09_process_commands_variations" time="0.001" /><testcase classname="backend.tests.test_whatsapp_image_accumulation.TestWhatsAppImageAccumulation" name="test_10_full_accumulation_flow_simulation" time="0.012" /><testcase classname="backend.tests.test_whatsapp_image_accumulation.TestWebhookEndpointDirectly" name="test_webhook_returns_valid_response_for_text_message" time="0.704" /><testcase classname="backend.tests.test_whatsapp_image_accumulation.TestWebhookEndpointDirectly" name="test_webhook_with_listo_command" time="0.998" /></testsuite></testsuites>